<?xml version="1.0" encoding="UTF-8"?>
<testng-results ignored="0" total="1" passed="1" failed="0" skipped="0">
  <reporter-output>
  </reporter-output>
  <suite started-at="2022-02-08T13:57:48 JST" name="Surefire suite" finished-at="2022-02-08T13:58:03 JST" duration-ms="15533">
    <groups>
    </groups>
    <test started-at="2022-02-08T13:57:48 JST" name="Surefire test" finished-at="2022-02-08T13:58:03 JST" duration-ms="15533">
      <class name="AITest.DemoAI.MyMojoTest">
        <test-method is-config="true" signature="testInit()[pri:0, instance:AITest.DemoAI.MyMojoTest@dd05255]" started-at="2022-02-08T13:57:48 JST" name="testInit" finished-at="2022-02-08T13:57:48 JST" duration-ms="6" status="PASS">
          <reporter-output>
          </reporter-output>
        </test-method> <!-- testInit -->
        <test-method signature="f()[pri:0, instance:AITest.DemoAI.MyMojoTest@dd05255]" started-at="2022-02-08T13:57:48 JST" name="f" finished-at="2022-02-08T13:58:03 JST" duration-ms="15493" status="PASS">
          <reporter-output>
          </reporter-output>
        </test-method> <!-- f -->
        <test-method is-config="true" signature="afterMethod()[pri:0, instance:AITest.DemoAI.MyMojoTest@dd05255]" started-at="2022-02-08T13:58:03 JST" name="afterMethod" finished-at="2022-02-08T13:58:03 JST" duration-ms="1" status="PASS">
          <reporter-output>
          </reporter-output>
        </test-method> <!-- afterMethod -->
      </class> <!-- AITest.DemoAI.MyMojoTest -->
    </test> <!-- Surefire test -->
  </suite> <!-- Surefire suite -->
</testng-results>
