<?xml version="1.0" encoding="UTF-8"?>
<testng-results ignored="0" total="1" passed="1" failed="0" skipped="0">
  <reporter-output>
  </reporter-output>
  <suite started-at="2022-01-29T11:16:16 JST" name="Surefire suite" finished-at="2022-01-29T11:16:26 JST" duration-ms="10667">
    <groups>
    </groups>
    <test started-at="2022-01-29T11:16:16 JST" name="Surefire test" finished-at="2022-01-29T11:16:26 JST" duration-ms="10667">
      <class name="AITest.DemoAI.MyMojoTest">
        <test-method is-config="true" signature="testInit()[pri:0, instance:AITest.DemoAI.MyMojoTest@44c03695]" started-at="2022-01-29T11:16:16 JST" name="testInit" finished-at="2022-01-29T11:16:16 JST" duration-ms="4" status="PASS">
          <reporter-output>
          </reporter-output>
        </test-method> <!-- testInit -->
        <test-method signature="f()[pri:0, instance:AITest.DemoAI.MyMojoTest@44c03695]" started-at="2022-01-29T11:16:16 JST" name="f" finished-at="2022-01-29T11:16:26 JST" duration-ms="10643" status="PASS">
          <reporter-output>
          </reporter-output>
        </test-method> <!-- f -->
        <test-method is-config="true" signature="afterMethod()[pri:0, instance:AITest.DemoAI.MyMojoTest@44c03695]" started-at="2022-01-29T11:16:26 JST" name="afterMethod" finished-at="2022-01-29T11:16:26 JST" duration-ms="0" status="PASS">
          <reporter-output>
          </reporter-output>
        </test-method> <!-- afterMethod -->
      </class> <!-- AITest.DemoAI.MyMojoTest -->
    </test> <!-- Surefire test -->
  </suite> <!-- Surefire suite -->
</testng-results>
