<?xml version="1.0" encoding="UTF-8"?>
<testng-results ignored="0" total="1" passed="1" failed="0" skipped="0">
  <reporter-output>
  </reporter-output>
  <suite started-at="2022-01-17T11:14:56 JST" name="Suite" finished-at="2022-01-17T11:15:05 JST" duration-ms="8411">
    <groups>
    </groups>
    <test started-at="2022-01-17T11:14:56 JST" name="Test" finished-at="2022-01-17T11:15:05 JST" duration-ms="8411">
      <class name="AITest.DemoAI.MyMojoTest">
        <test-method is-config="true" signature="testInit()[pri:0, instance:AITest.DemoAI.MyMojoTest@290222c1]" started-at="2022-01-17T11:14:56 JST" name="testInit" finished-at="2022-01-17T11:14:58 JST" duration-ms="1947" status="PASS">
          <reporter-output>
          </reporter-output>
        </test-method> <!-- testInit -->
        <test-method signature="f()[pri:0, instance:AITest.DemoAI.MyMojoTest@290222c1]" started-at="2022-01-17T11:14:58 JST" name="f" finished-at="2022-01-17T11:15:05 JST" duration-ms="6439" status="PASS">
          <reporter-output>
          </reporter-output>
        </test-method> <!-- f -->
        <test-method is-config="true" signature="afterMethod()[pri:0, instance:AITest.DemoAI.MyMojoTest@290222c1]" started-at="2022-01-17T11:15:05 JST" name="afterMethod" finished-at="2022-01-17T11:15:05 JST" duration-ms="0" status="PASS">
          <reporter-output>
          </reporter-output>
        </test-method> <!-- afterMethod -->
      </class> <!-- AITest.DemoAI.MyMojoTest -->
    </test> <!-- Test -->
  </suite> <!-- Suite -->
</testng-results>
